# JRE version: Java(TM) SE Runtime Environment (8.0_144-b01) (build 1.8.0_144-b01)
# Java VM: Java HotSpot(TM) 64-Bit Server VM (25.144-b01 mixed mode windows-amd64 compressed oops)
Heap:
 PSYoungGen      total 76288K, used 12636K [0x000000076b000000, 0x0000000770500000, 0x00000007c0000000)
  eden space 65536K, 2% used [0x000000076b000000,0x000000076b1d8e80,0x000000076f000000)
  from space 10752K, 99% used [0x000000076fa80000,0x00000007704fe378,0x0000000770500000)
  to   space 10752K, 0% used [0x000000076f000000,0x000000076f000000,0x000000076fa80000)
 ParOldGen       total 175104K, used 33551K [0x00000006c1000000, 0x00000006cbb00000, 0x000000076b000000)
  object space 175104K, 19% used [0x00000006c1000000,0x00000006c30c3c70,0x00000006cbb00000)
 Metaspace       used 17076K, capacity 17309K, committed 17536K, reserved 1064960K
  class space    used 1510K, capacity 1604K, committed 1664K, reserved 1048576K
GC Heap History (4 events):
Event: 1.638 GC heap before
{Heap before GC invocations=1 (full 0):
 PSYoungGen      total 76288K, used 65536K [0x000000076b000000, 0x0000000770500000, 0x00000007c0000000)
  eden space 65536K, 100% used [0x000000076b000000,0x000000076f000000,0x000000076f000000)
  from space 10752K, 0% used [0x000000076fa80000,0x000000076fa80000,0x0000000770500000)
  to   space 10752K, 0% used [0x000000076f000000,0x000000076f000000,0x000000076fa80000)
 ParOldGen       total 175104K, used 0K [0x00000006c1000000, 0x00000006cbb00000, 0x000000076b000000)
  object space 175104K, 0% used [0x00000006c1000000,0x00000006c1000000,0x00000006cbb00000)
 Metaspace       used 12049K, capacity 12251K, committed 12416K, reserved 1060864K
  class space    used 983K, capacity 1071K, committed 1152K, reserved 1048576K
Event: 1.643 GC heap after
Heap after GC invocations=1 (full 0):
 PSYoungGen      total 76288K, used 5035K [0x000000076b000000, 0x0000000770500000, 0x00000007c0000000)
  eden space 65536K, 0% used [0x000000076b000000,0x000000076b000000,0x000000076f000000)
  from space 10752K, 46% used [0x000000076f000000,0x000000076f4ead70,0x000000076fa80000)
  to   space 10752K, 0% used [0x000000076fa80000,0x000000076fa80000,0x0000000770500000)
 ParOldGen       total 175104K, used 16K [0x00000006c1000000, 0x00000006cbb00000, 0x000000076b000000)
  object space 175104K, 0% used [0x00000006c1000000,0x00000006c1004000,0x00000006cbb00000)
 Metaspace       used 12049K, capacity 12251K, committed 12416K, reserved 1060864K
  class space    used 983K, capacity 1071K, committed 1152K, reserved 1048576K
}
Event: 257.766 GC heap before
{Heap before GC invocations=2 (full 0):
 PSYoungGen      total 76288K, used 70571K [0x000000076b000000, 0x0000000770500000, 0x00000007c0000000)
  eden space 65536K, 100% used [0x000000076b000000,0x000000076f000000,0x000000076f000000)
  from space 10752K, 46% used [0x000000076f000000,0x000000076f4ead70,0x000000076fa80000)
  to   space 10752K, 0% used [0x000000076fa80000,0x000000076fa80000,0x0000000770500000)
 ParOldGen       total 175104K, used 16K [0x00000006c1000000, 0x00000006cbb00000, 0x000000076b000000)
  object space 175104K, 0% used [0x00000006c1000000,0x00000006c1004000,0x00000006cbb00000)
 Metaspace       used 16794K, capacity 17021K, committed 17280K, reserved 1064960K
  class space    used 1471K, capacity 1572K, committed 1664K, reserved 1048576K
Event: 257.779 GC heap after
Heap after GC invocations=2 (full 0):
 PSYoungGen      total 76288K, used 10744K [0x000000076b000000, 0x0000000770500000, 0x00000007c0000000)
  eden space 65536K, 0% used [0x000000076b000000,0x000000076b000000,0x000000076f000000)
  from space 10752K, 99% used [0x000000076fa80000,0x00000007704fe378,0x0000000770500000)
  to   space 10752K, 0% used [0x000000076f000000,0x000000076f000000,0x000000076fa80000)
 ParOldGen       total 175104K, used 33551K [0x00000006c1000000, 0x00000006cbb00000, 0x000000076b000000)
  object space 175104K, 19% used [0x00000006c1000000,0x00000006c30c3c70,0x00000006cbb00000)
 Metaspace       used 16794K, capacity 17021K, committed 17280K, reserved 1064960K
  class space    used 1471K, capacity 1572K, committed 1664K, reserved 1048576K
}

